%!Adobe-FontList 1.18
%Locale:0x412

%BeginFont
Handler:DirectoryHandler
FontType:Invalid
OutlineFileName:C:\Users\진미정\Desktop\종무식_퍼블리싱\Font\nanumsquareb.eot
FileModTime:1454673136
%EndFont

%BeginFont
Handler:DirectoryHandler
FontType:Invalid
OutlineFileName:C:\Users\진미정\Desktop\종무식_퍼블리싱\Font\nanumsquareb.woff
FileModTime:1454673136
%EndFont

%BeginFont
Handler:DirectoryHandler
FontType:Invalid
OutlineFileName:C:\Users\진미정\Desktop\종무식_퍼블리싱\Font\nanumsquareb.woff2
FileModTime:1454673136
%EndFont

%BeginFont
Handler:DirectoryHandler
FontType:Invalid
OutlineFileName:C:\Users\진미정\Desktop\종무식_퍼블리싱\Font\NanumSquareR.eot
FileModTime:1512546624
%EndFont

%BeginFont
Handler:DirectoryHandler
FontType:Invalid
OutlineFileName:C:\Users\진미정\Desktop\종무식_퍼블리싱\Font\NanumSquareR.woff
FileModTime:1512546624
%EndFont

